#
# There is insufficient memory for the Java Runtime Environment to continue.
# Native memory allocation (malloc) failed to allocate 1048576 bytes for AllocateHeap
# Possible reasons:
#   The system is out of physical RAM or swap space
#   In 32 bit mode, the process size limit was hit
# Possible solutions:
#   Reduce memory load on the system
#   Increase physical memory or swap space
#   Check if swap backing store is full
#   Use 64 bit Java on a 64 bit OS
#   Decrease Java heap size (-Xmx/-Xms)
#   Decrease number of Java threads
#   Decrease Java thread stack sizes (-Xss)
#   Set larger code cache with -XX:ReservedCodeCacheSize=
# This output file may be truncated or incomplete.
#
#  Out of Memory Error (memory/allocation.inline.hpp:61), pid=6612, tid=0x0000000000001ba0
#
# JRE version:  (8.0_121-b13) (build )
# Java VM: Java HotSpot(TM) 64-Bit Server VM (25.121-b13 mixed mode windows-amd64 compressed oops)
# Failed to write core dump. Minidumps are not enabled by default on client versions of Windows
#

---------------  T H R E A D  ---------------

Current thread (0x000000000315d800):  JavaThread "Unknown thread" [_thread_in_vm, id=7072, stack(0x0000000002d60000,0x0000000002e60000)]

Stack: [0x0000000002d60000,0x0000000002e60000]
[error occurred during error reporting (printing stack bounds), id 0xc0000005]

Native frames: (J=compiled Java code, j=interpreted, Vv=VM code, C=native code)


---------------  P R O C E S S  ---------------

Java Threads: ( => current thread )

Other Threads:

=>0x000000000315d800 (exited) JavaThread "Unknown thread" [_thread_in_vm, id=7072, stack(0x0000000002d60000,0x0000000002e60000)]

VM state:not at safepoint (normal execution)

VM Mutex/Monitor currently owned by a thread: None

Heap:
 PSYoungGen      total 9728K, used 174K [0x00000000f5d80000, 0x00000000f6800000, 0x0000000100000000)
  eden space 8704K, 2% used [0x00000000f5d80000,0x00000000f5dab860,0x00000000f6600000)
  from space 1024K, 0% used [0x00000000f6700000,0x00000000f6700000,0x00000000f6800000)
  to   space 1024K, 0% used [0x00000000f6600000,0x00000000f6600000,0x00000000f6700000)
 ParOldGen       total 22016K, used 0K [0x00000000e1800000, 0x00000000e2d80000, 0x00000000f5d80000)
  object space 22016K, 0% used [0x00000000e1800000,0x00000000e1800000,0x00000000e2d80000)
 Metaspace       used 746K, capacity 4480K, committed 4480K, reserved 1056768K
  class space    used 75K, capacity 384K, committed 384K, reserved 1048576K

Card table byte_map: [0x0000000012520000,0x0000000012620000] byte_map_base: 0x0000000011e14000

Marking Bits: (ParMarkBitMap*) 0x000000005d9db6d0
 Begin Bits: [0x0000000012a20000, 0x00000000131c0000)
 End Bits:   [0x00000000131c0000, 0x0000000013960000)

Polling page: 0x00000000015d0000

CodeCache: size=245760Kb used=327Kb max_used=327Kb free=245432Kb
 bounds [0x0000000003160000, 0x00000000033d0000, 0x0000000012160000]
 total_blobs=57 nmethods=0 adapters=38
 compilation: enabled

Compilation events (0 events):
No events

GC Heap History (0 events):
No events

Deoptimization events (0 events):
No events

Internal exceptions (0 events):
No events

Events (10 events):
Event: 0.049 loading class java/lang/Short
Event: 0.049 loading class java/lang/Short done
Event: 0.049 loading class java/lang/Integer
Event: 0.050 loading class java/lang/Integer done
Event: 0.050 loading class java/lang/Long
Event: 0.050 loading class java/lang/Long done
Event: 0.052 loading class java/lang/NullPointerException
Event: 0.052 loading class java/lang/NullPointerException done
Event: 0.052 loading class java/lang/ArithmeticException
Event: 0.052 loading class java/lang/ArithmeticException done


Dynamic libraries:
0x00007ff6165b0000 - 0x00007ff6165e7000 	C:\Program Files\Java\jre1.8.0_121\bin\javaw.exe
0x00007ffa11c30000 - 0x00007ffa11df1000 	C:\Windows\SYSTEM32\ntdll.dll
0x00007ffa11880000 - 0x00007ffa1192d000 	C:\Windows\system32\KERNEL32.DLL
0x00007ffa0e5c0000 - 0x00007ffa0e7a8000 	C:\Windows\system32\KERNELBASE.dll
0x00007ffa116c0000 - 0x00007ffa11767000 	C:\Windows\system32\ADVAPI32.dll
0x00007ffa0f9b0000 - 0x00007ffa0fa4d000 	C:\Windows\system32\msvcrt.dll
0x00007ffa11770000 - 0x00007ffa117cb000 	C:\Windows\system32\sechost.dll
0x00007ffa0fd20000 - 0x00007ffa0fe3c000 	C:\Windows\system32\RPCRT4.dll
0x00007ffa0f300000 - 0x00007ffa0f456000 	C:\Windows\system32\USER32.dll
0x00007ffa0f040000 - 0x00007ffa0f1c7000 	C:\Windows\system32\GDI32.dll
0x00007ffa01bd0000 - 0x00007ffa01e44000 	C:\Windows\WinSxS\amd64_microsoft.windows.common-controls_6595b64144ccf1df_6.0.10586.839_none_a2ddba30a539a2ae\COMCTL32.dll
0x00007ffa119b0000 - 0x00007ffa11c2e000 	C:\Windows\system32\combase.dll
0x00007ffa0e860000 - 0x00007ffa0e8ca000 	C:\Windows\system32\bcryptPrimitives.dll
0x00007ffa0fa50000 - 0x00007ffa0fa8b000 	C:\Windows\system32\IMM32.DLL
0x000000005cf10000 - 0x000000005cfe2000 	C:\Program Files\Java\jre1.8.0_121\bin\msvcr100.dll
0x000000005d1c0000 - 0x000000005da5b000 	C:\Program Files\Java\jre1.8.0_121\bin\server\jvm.dll
0x00007ffa0fe40000 - 0x00007ffa0fe48000 	C:\Windows\system32\PSAPI.DLL
0x00007ffa01b20000 - 0x00007ffa01b2a000 	C:\Windows\SYSTEM32\VERSION.dll
0x00007ffa0c590000 - 0x00007ffa0c5b3000 	C:\Windows\SYSTEM32\WINMM.dll
0x00007ffa0b270000 - 0x00007ffa0b279000 	C:\Windows\SYSTEM32\WSOCK32.dll
0x00007ffa0fa90000 - 0x00007ffa0fafb000 	C:\Windows\system32\WS2_32.dll
0x0000000001580000 - 0x00000000015ac000 	C:\Windows\SYSTEM32\WINMMBASE.dll
0x00007ffa0e570000 - 0x00007ffa0e5b3000 	C:\Windows\system32\cfgmgr32.dll
0x000000005d0d0000 - 0x000000005d0df000 	C:\Program Files\Java\jre1.8.0_121\bin\verify.dll
0x000000005d0a0000 - 0x000000005d0c9000 	C:\Program Files\Java\jre1.8.0_121\bin\java.dll
0x000000005d080000 - 0x000000005d096000 	C:\Program Files\Java\jre1.8.0_121\bin\zip.dll

VM Arguments:
jvm_args: -Dfile.encoding=Cp1252 
java_command: Sigurd.Game
java_class_path (initial): C:\Program Files\Java\jre1.8.0_121\lib\resources.jar;C:\Program Files\Java\jre1.8.0_121\lib\rt.jar;C:\Program Files\Java\jre1.8.0_121\lib\jsse.jar;C:\Program Files\Java\jre1.8.0_121\lib\jce.jar;C:\Program Files\Java\jre1.8.0_121\lib\charsets.jar;C:\Program Files\Java\jre1.8.0_121\lib\jfr.jar;C:\Program Files\Java\jre1.8.0_121\lib\ext\access-bridge-64.jar;C:\Program Files\Java\jre1.8.0_121\lib\ext\cldrdata.jar;C:\Program Files\Java\jre1.8.0_121\lib\ext\dnsns.jar;C:\Program Files\Java\jre1.8.0_121\lib\ext\jaccess.jar;C:\Program Files\Java\jre1.8.0_121\lib\ext\jfxrt.jar;C:\Program Files\Java\jre1.8.0_121\lib\ext\localedata.jar;C:\Program Files\Java\jre1.8.0_121\lib\ext\nashorn.jar;C:\Program Files\Java\jre1.8.0_121\lib\ext\sunec.jar;C:\Program Files\Java\jre1.8.0_121\lib\ext\sunjce_provider.jar;C:\Program Files\Java\jre1.8.0_121\lib\ext\sunmscapi.jar;C:\Program Files\Java\jre1.8.0_121\lib\ext\sunpkcs11.jar;C:\Program Files\Java\jre1.8.0_121\lib\ext\zipfs.jar;C:\Users\PM\eclipse-workspace\Sigurd\Sigurd\bin
Launcher Type: SUN_STANDARD

Environment Variables:
PATH=C:/Program Files/Java/jre1.8.0_121/bin/server;C:/Program Files/Java/jre1.8.0_121/bin;C:/Program Files/Java/jre1.8.0_121/lib/amd64;C:\ProgramData\Oracle\Java\javapath;C:\Program Files (x86)\Intel\TXE Components\TCS\;C:\Program Files\Intel\TXE Components\TCS\;C:\Windows\system32;C:\Windows;C:\Windows\System32\Wbem;C:\Windows\System32\WindowsPowerShell\v1.0\;C:\Program Files\Intel\TXE Components\DAL\;C:\Program Files (x86)\Intel\TXE Components\DAL\;C:\Program Files\Intel\TXE Components\IPT\;C:\Program Files (x86)\Intel\TXE Components\IPT\;C:\sleuthkit-4.1.3-win32\sleuthkit-4.1.3-win32\bin;C:\testdisk\testdisk-7.0;C:\Program Files\Java\jre1.8.0_121\bin;C:\Program Files (x86)\Java\jdk1.8.0_144\bin;C:\sisc-1.16.6FuncProgramming\sisc-1.16.6;C:\cygwin64\bin;C:\MinGW\bin;C:\Program Files\Microsoft VS Code\bin;C:\Users\PM\AppData\Local\GitHubDesktop\bin;C:\Users\PM\Desktop;
USERNAME=PM
OS=Windows_NT
PROCESSOR_IDENTIFIER=Intel64 Family 6 Model 76 Stepping 3, GenuineIntel



---------------  S Y S T E M  ---------------

OS: Windows 10.0 , 64 bit Build 10586 (10.0.10586.589)

CPU:total 4 (4 cores per cpu, 1 threads per core) family 6 model 76 stepping 3, cmov, cx8, fxsr, mmx, sse, sse2, sse3, ssse3, sse4.1, sse4.2, popcnt, aes, clmul, erms, 3dnowpref, tsc, tscinvbit

Memory: 4k page, physical 1998256k(281300k free), swap 4488472k(5128k free)

vm_info: Java HotSpot(TM) 64-Bit Server VM (25.121-b13) for windows-amd64 JRE (1.8.0_121-b13), built on Dec 12 2016 18:21:36 by "java_re" with MS VC++ 10.0 (VS2010)

time: Tue Feb 06 13:07:49 2018
elapsed time: 0 seconds (0d 0h 0m 0s)

